<?xml version="1.0" encoding="UTF-8"?>
<testng-results total="1" passed="1" failed="0" skipped="0">
  <reporter-output>
  </reporter-output>
  <suite started-at="2024-04-30T10:07:46Z" name="Default suite" finished-at="2024-04-30T10:07:46Z" duration-ms="52">
    <groups>
    </groups>
    <test started-at="2024-04-30T10:07:46Z" name="Default test" finished-at="2024-04-30T10:07:46Z" duration-ms="52">
      <class name="test1">
        <test-method signature="regular()[pri:0, instance:test1@7a220c9a]" started-at="2024-04-30T15:37:46Z" name="regular" finished-at="2024-04-30T15:37:46Z" duration-ms="21" status="PASS">
          <reporter-output>
          </reporter-output>
        </test-method> <!-- regular -->
      </class> <!-- test1 -->
    </test> <!-- Default test -->
  </suite> <!-- Default suite -->
</testng-results>
